[2010/03/15-12:35:37];Box arr: Array
(
    [0] => Array
        (
            [Pos] => Array
                (
                    [0] => -1.40624
                    [1] => 2.24215
                    [2] => .70822
                )

            [Rot] => Array
                (
                    [0] => .172
                    [1] => .542
                    [2] => .823
                    [3] => .514
                )

            [Color] => Red
            [Size] => Array
                (
                    [0] => 1
                    [1] => 2
                    [2] => 3
                )

        )

)

[2010/03/15-12:37:14];X3Data arr: SimpleXMLElement Object
(
    [@attributes] => Array
        (
            [profile] => Immersive
        )

    [head] => SimpleXMLElement Object
        (
            [meta] => Array
                (
                    [0] => SimpleXMLElement Object
                        (
                            [@attributes] => Array
                                (
                                    [name] => Vizthumbnail
                                    [content] => Thumb_rotate_x3d23376251268647973.jpg
                                )

                        )

                    [1] => SimpleXMLElement Object
                        (
                            [@attributes] => Array
                                (
                                    [name] => ExportTime
                                    [content] => 11:12:53
                                )

                        )

                    [2] => SimpleXMLElement Object
                        (
                            [@attributes] => Array
                                (
                                    [name] => ExportDate
                                    [content] => 3/15/2010
                                )

                        )

                    [3] => SimpleXMLElement Object
                        (
                            [@attributes] => Array
                                (
                                    [name] => FluxStudioVersion
                                    [content] => 659
                                )

                        )

                )

        )

    [Scene] => SimpleXMLElement Object
        (
            [WorldInfo] => SimpleXMLElement Object
                (
                    [@attributes] => Array
                        (
                            [title] => Untitled
                            [info] => "This Web3D Content was created with Flux Studio, a Web3D authoring tool"  "www.mediamachines.com"
                        )

                )

            [Transform] => SimpleXMLElement Object
                (
                    [@attributes] => Array
                        (
                            [DEF] => dad_Box1
                            [translation] => -1.40624 2.24215 .70822
                            [rotation] => .172 .542 .823 .514
                        )

                    [Shape] => SimpleXMLElement Object
                        (
                            [@attributes] => Array
                                (
                                    [DEF] => Box1
                                    [containerField] => children
                                )

                            [Appearance] => SimpleXMLElement Object
                                (
                                    [@attributes] => Array
                                        (
                                            [containerField] => appearance
                                        )

                                    [Material] => SimpleXMLElement Object
                                        (
                                            [@attributes] => Array
                                                (
                                                    [DEF] => Red
                                                    [containerField] => material
                                                    [ambientIntensity] => 0.200
                                                    [shininess] => 0.200
                                                    [diffuseColor] => 1 0 0
                                                )

                                        )

                                )

                            [Box] => SimpleXMLElement Object
                                (
                                    [@attributes] => Array
                                        (
                                            [DEF] => GeoBox1
                                            [containerField] => geometry
                                            [size] => 1 2 3
                                        )

                                )

                        )

                )

        )

)

[2010/03/15-12:37:14];Box arr: Array
(
    [0] => Array
        (
            [Pos] => Array
                (
                    [0] => -1.40624
                    [1] => 2.24215
                    [2] => .70822
                )

            [Rot] => Array
                (
                    [0] => .172
                    [1] => .542
                    [2] => .823
                    [3] => .514
                )

            [Color] => Red
            [Size] => Array
                (
                    [0] => 1
                    [1] => 2
                    [2] => 3
                )

        )

)

[2010/03/15-12:37:14];LSL data: 8|1=7|5=<1.00000,2.00000,3.00000>|1=6|5=<-1.40624,2.24215,0.70822>|1=18|1=-1|5=<1.00000,0.00000,0.00000>|2=1.00000

